INFO - 2022-05-02 20:14:25,052 - autoreload - Watching for file changes with StatReloader
INFO - 2022-05-02 20:16:07,194 - autoreload - Watching for file changes with StatReloader
INFO - 2022-05-02 20:18:16,465 - autoreload - Watching for file changes with StatReloader
INFO - 2022-05-02 20:19:19,215 - autoreload - Watching for file changes with StatReloader
INFO - 2022-05-02 20:19:41,586 - autoreload - Watching for file changes with StatReloader
INFO - 2022-05-02 20:19:43,840 - basehttp - "GET / HTTP/1.1" 200 10697
WARNING - 2022-05-02 20:19:43,976 - basehttp - "GET /favicon.ico HTTP/1.1" 404 2107
INFO - 2022-05-02 20:20:17,358 - autoreload - Watching for file changes with StatReloader
INFO - 2022-05-02 20:58:52,532 - autoreload - Watching for file changes with StatReloader
INFO - 2022-05-02 20:58:55,013 - basehttp - "GET / HTTP/1.1" 200 10697
INFO - 2022-05-02 20:59:43,156 - autoreload - A:\Univer\3 Year\2 semester\CS\ICT\wsp\app\admin.py changed, reloading.
INFO - 2022-05-02 20:59:43,699 - autoreload - Watching for file changes with StatReloader
INFO - 2022-05-02 21:00:31,022 - autoreload - A:\Univer\3 Year\2 semester\CS\ICT\wsp\app\admin.py changed, reloading.
INFO - 2022-05-02 21:00:31,543 - autoreload - Watching for file changes with StatReloader
INFO - 2022-05-02 21:00:35,825 - autoreload - A:\Univer\3 Year\2 semester\CS\ICT\wsp\app\admin.py changed, reloading.
INFO - 2022-05-02 21:00:36,309 - autoreload - Watching for file changes with StatReloader
INFO - 2022-05-02 21:00:44,919 - autoreload - A:\Univer\3 Year\2 semester\CS\ICT\wsp\app\admin.py changed, reloading.
INFO - 2022-05-02 21:00:45,435 - autoreload - Watching for file changes with StatReloader
INFO - 2022-05-02 21:00:51,726 - basehttp - "GET /admin/ HTTP/1.1" 302 0
INFO - 2022-05-02 21:00:51,753 - basehttp - "GET /admin/login/?next=/admin/ HTTP/1.1" 200 2215
INFO - 2022-05-02 21:00:51,793 - basehttp - "GET /static/admin/css/login.css HTTP/1.1" 200 954
INFO - 2022-05-02 21:01:20,301 - basehttp - "POST /admin/login/?next=/admin/ HTTP/1.1" 302 0
INFO - 2022-05-02 21:01:20,336 - basehttp - "GET /admin/ HTTP/1.1" 200 3939
INFO - 2022-05-02 21:01:23,215 - basehttp - "GET /admin/app/new/ HTTP/1.1" 200 5010
INFO - 2022-05-02 21:01:23,251 - basehttp - "GET /static/admin/js/jquery.init.js HTTP/1.1" 200 347
INFO - 2022-05-02 21:01:23,252 - basehttp - "GET /static/admin/js/vendor/jquery/jquery.js HTTP/1.1" 200 288580
INFO - 2022-05-02 21:01:23,252 - basehttp - "GET /static/admin/js/core.js HTTP/1.1" 200 5698
INFO - 2022-05-02 21:01:23,263 - basehttp - "GET /static/admin/js/prepopulate.js HTTP/1.1" 200 1531
INFO - 2022-05-02 21:01:23,264 - basehttp - "GET /static/admin/js/admin/RelatedObjectLookups.js HTTP/1.1" 200 5984
INFO - 2022-05-02 21:01:23,265 - basehttp - "GET /static/admin/js/actions.js HTTP/1.1" 200 7872
INFO - 2022-05-02 21:01:23,265 - basehttp - "GET /static/admin/js/urlify.js HTTP/1.1" 200 7902
INFO - 2022-05-02 21:01:23,267 - basehttp - "GET /static/admin/js/vendor/xregexp/xregexp.js HTTP/1.1" 200 232381
INFO - 2022-05-02 21:01:23,278 - basehttp - "GET /admin/jsi18n/ HTTP/1.1" 200 3343
INFO - 2022-05-02 21:04:34,900 - autoreload - A:\Univer\3 Year\2 semester\CS\ICT\wsp\app\urls.py changed, reloading.
INFO - 2022-05-02 21:04:35,402 - autoreload - Watching for file changes with StatReloader
INFO - 2022-05-02 21:04:59,645 - autoreload - A:\Univer\3 Year\2 semester\CS\ICT\wsp\app\urls.py changed, reloading.
INFO - 2022-05-02 21:05:00,166 - autoreload - Watching for file changes with StatReloader
INFO - 2022-05-02 21:05:05,681 - autoreload - A:\Univer\3 Year\2 semester\CS\ICT\wsp\app\urls.py changed, reloading.
INFO - 2022-05-02 21:05:06,181 - autoreload - Watching for file changes with StatReloader
INFO - 2022-05-02 21:05:16,130 - basehttp - "GET / HTTP/1.1" 200 38
INFO - 2022-05-02 21:05:23,420 - basehttp - "GET /news HTTP/1.1" 301 0
INFO - 2022-05-02 21:05:23,447 - basehttp - "GET /news/ HTTP/1.1" 200 52
WARNING - 2022-05-02 21:05:41,722 - basehttp - "GET /ne HTTP/1.1" 404 3237
INFO - 2022-05-02 21:06:04,074 - autoreload - A:\Univer\3 Year\2 semester\CS\ICT\wsp\wsp\urls.py changed, reloading.
INFO - 2022-05-02 21:06:04,617 - autoreload - Watching for file changes with StatReloader
WARNING - 2022-05-02 21:06:05,509 - basehttp - "GET /ne HTTP/1.1" 404 2184
WARNING - 2022-05-02 21:06:06,522 - basehttp - "GET /ne HTTP/1.1" 404 2184
INFO - 2022-05-02 21:06:10,270 - basehttp - "GET /api HTTP/1.1" 301 0
INFO - 2022-05-02 21:06:10,300 - basehttp - "GET /api/ HTTP/1.1" 200 42
WARNING - 2022-05-02 21:06:12,773 - basehttp - "GET /api/sad HTTP/1.1" 404 3276
INFO - 2022-05-02 21:06:21,640 - autoreload - A:\Univer\3 Year\2 semester\CS\ICT\wsp\wsp\urls.py changed, reloading.
INFO - 2022-05-02 21:06:22,131 - autoreload - Watching for file changes with StatReloader
WARNING - 2022-05-02 21:06:22,445 - basehttp - "GET /api/sad HTTP/1.1" 404 3276
WARNING - 2022-05-02 21:06:23,456 - basehttp - "GET /api/sad HTTP/1.1" 404 3276
INFO - 2022-05-02 21:07:36,376 - basehttp - "GET /api/news HTTP/1.1" 301 0
WARNING - 2022-05-02 21:07:36,382 - basehttp - "GET /api/news/ HTTP/1.1" 401 58
INFO - 2022-05-02 21:08:01,971 - autoreload - A:\Univer\3 Year\2 semester\CS\ICT\wsp\app\views.py changed, reloading.
INFO - 2022-05-02 21:08:02,458 - autoreload - Watching for file changes with StatReloader
INFO - 2022-05-02 21:08:03,491 - basehttp - "GET /api/news HTTP/1.1" 301 0
INFO - 2022-05-02 21:08:03,617 - basehttp - "GET /api/news/ HTTP/1.1" 200 52
INFO - 2022-05-02 21:08:17,467 - autoreload - A:\Univer\3 Year\2 semester\CS\ICT\wsp\wsp\settings.py changed, reloading.
INFO - 2022-05-02 21:08:17,982 - autoreload - Watching for file changes with StatReloader
INFO - 2022-05-02 21:08:20,417 - autoreload - A:\Univer\3 Year\2 semester\CS\ICT\wsp\app\views.py changed, reloading.
INFO - 2022-05-02 21:08:21,006 - autoreload - Watching for file changes with StatReloader
INFO - 2022-05-02 21:08:21,956 - basehttp - "GET /api/news HTTP/1.1" 301 0
INFO - 2022-05-02 21:08:21,980 - basehttp - "GET /api/news/ HTTP/1.1" 200 52
ERROR - 2022-05-02 21:09:41,682 - basehttp - "POST /api/news HTTP/1.1" 500 73595
INFO - 2022-05-02 21:09:50,193 - basehttp - "POST /api/news/ HTTP/1.1" 201 97
INFO - 2022-05-02 21:09:53,216 - basehttp - "GET /api/news/ HTTP/1.1" 200 149
INFO - 2022-05-02 21:10:39,298 - basehttp - "POST /api/news/ HTTP/1.1" 201 187
INFO - 2022-05-02 21:11:01,644 - autoreload - A:\Univer\3 Year\2 semester\CS\ICT\wsp\app\models.py changed, reloading.
INFO - 2022-05-02 21:11:02,184 - autoreload - Watching for file changes with StatReloader
INFO - 2022-05-02 21:11:11,776 - basehttp - "POST /api/news/ HTTP/1.1" 201 187
INFO - 2022-05-02 21:11:27,673 - basehttp - "GET /admin/app/new/ HTTP/1.1" 200 6882
INFO - 2022-05-02 21:11:27,707 - basehttp - "GET /static/admin/js/vendor/jquery/jquery.js HTTP/1.1" 304 0
INFO - 2022-05-02 21:11:27,711 - basehttp - "GET /static/admin/js/jquery.init.js HTTP/1.1" 304 0
INFO - 2022-05-02 21:11:27,711 - basehttp - "GET /static/admin/js/core.js HTTP/1.1" 304 0
INFO - 2022-05-02 21:11:27,715 - basehttp - "GET /static/admin/js/actions.js HTTP/1.1" 304 0
INFO - 2022-05-02 21:11:27,715 - basehttp - "GET /static/admin/js/admin/RelatedObjectLookups.js HTTP/1.1" 304 0
INFO - 2022-05-02 21:11:27,716 - basehttp - "GET /static/admin/js/urlify.js HTTP/1.1" 304 0
INFO - 2022-05-02 21:11:27,716 - basehttp - "GET /static/admin/js/vendor/xregexp/xregexp.js HTTP/1.1" 304 0
INFO - 2022-05-02 21:11:27,716 - basehttp - "GET /static/admin/js/prepopulate.js HTTP/1.1" 304 0
INFO - 2022-05-02 21:11:27,730 - basehttp - "GET /admin/jsi18n/ HTTP/1.1" 200 3343
INFO - 2022-05-02 21:11:29,170 - basehttp - "GET /admin/app/new/3/change/ HTTP/1.1" 200 7575
INFO - 2022-05-02 21:11:29,316 - basehttp - "GET /admin/jsi18n/ HTTP/1.1" 200 3343
WARNING - 2022-05-02 21:11:31,549 - basehttp - "GET /media/images/news/ch10.jpg HTTP/1.1" 404 2256
INFO - 2022-05-02 21:27:27,107 - autoreload - A:\Univer\3 Year\2 semester\CS\ICT\wsp\app\models.py changed, reloading.
INFO - 2022-05-02 21:27:27,641 - autoreload - Watching for file changes with StatReloader
INFO - 2022-05-02 21:28:40,109 - autoreload - A:\Univer\3 Year\2 semester\CS\ICT\wsp\app\models.py changed, reloading.
INFO - 2022-05-02 21:28:40,611 - autoreload - Watching for file changes with StatReloader
INFO - 2022-05-02 21:28:45,073 - autoreload - A:\Univer\3 Year\2 semester\CS\ICT\wsp\app\models.py changed, reloading.
INFO - 2022-05-02 21:28:45,633 - autoreload - Watching for file changes with StatReloader
INFO - 2022-05-02 21:28:57,416 - autoreload - A:\Univer\3 Year\2 semester\CS\ICT\wsp\app\models.py changed, reloading.
INFO - 2022-05-02 21:28:57,932 - autoreload - Watching for file changes with StatReloader
INFO - 2022-05-02 21:29:33,782 - autoreload - A:\Univer\3 Year\2 semester\CS\ICT\wsp\app\models.py changed, reloading.
INFO - 2022-05-02 21:29:34,323 - autoreload - Watching for file changes with StatReloader
INFO - 2022-05-02 21:29:36,688 - autoreload - A:\Univer\3 Year\2 semester\CS\ICT\wsp\app\models.py changed, reloading.
INFO - 2022-05-02 21:29:37,251 - autoreload - Watching for file changes with StatReloader
INFO - 2022-05-02 21:29:42,768 - autoreload - A:\Univer\3 Year\2 semester\CS\ICT\wsp\app\models.py changed, reloading.
INFO - 2022-05-02 21:29:43,332 - autoreload - Watching for file changes with StatReloader
INFO - 2022-05-02 21:29:46,774 - autoreload - A:\Univer\3 Year\2 semester\CS\ICT\wsp\app\models.py changed, reloading.
INFO - 2022-05-02 21:29:47,462 - autoreload - Watching for file changes with StatReloader
INFO - 2022-05-02 21:30:12,841 - autoreload - A:\Univer\3 Year\2 semester\CS\ICT\wsp\app\models.py changed, reloading.
INFO - 2022-05-02 21:30:13,455 - autoreload - Watching for file changes with StatReloader
INFO - 2022-05-02 21:30:26,274 - autoreload - A:\Univer\3 Year\2 semester\CS\ICT\wsp\app\models.py changed, reloading.
INFO - 2022-05-02 21:30:26,759 - autoreload - Watching for file changes with StatReloader
INFO - 2022-05-02 21:30:48,979 - autoreload - A:\Univer\3 Year\2 semester\CS\ICT\wsp\app\models.py changed, reloading.
INFO - 2022-05-02 21:30:49,515 - autoreload - Watching for file changes with StatReloader
INFO - 2022-05-02 21:31:06,243 - autoreload - A:\Univer\3 Year\2 semester\CS\ICT\wsp\app\models.py changed, reloading.
INFO - 2022-05-02 21:31:06,704 - autoreload - Watching for file changes with StatReloader
INFO - 2022-05-02 21:31:12,125 - autoreload - A:\Univer\3 Year\2 semester\CS\ICT\wsp\app\models.py changed, reloading.
INFO - 2022-05-02 21:31:12,596 - autoreload - Watching for file changes with StatReloader
INFO - 2022-05-02 21:31:25,264 - autoreload - A:\Univer\3 Year\2 semester\CS\ICT\wsp\app\models.py changed, reloading.
INFO - 2022-05-02 21:31:25,737 - autoreload - Watching for file changes with StatReloader
INFO - 2022-05-02 21:31:43,582 - autoreload - A:\Univer\3 Year\2 semester\CS\ICT\wsp\app\models.py changed, reloading.
INFO - 2022-05-02 21:31:44,062 - autoreload - Watching for file changes with StatReloader
INFO - 2022-05-02 21:31:47,407 - autoreload - A:\Univer\3 Year\2 semester\CS\ICT\wsp\app\models.py changed, reloading.
INFO - 2022-05-02 21:31:47,876 - autoreload - Watching for file changes with StatReloader
INFO - 2022-05-02 21:32:06,663 - autoreload - A:\Univer\3 Year\2 semester\CS\ICT\wsp\app\models.py changed, reloading.
INFO - 2022-05-02 21:32:07,152 - autoreload - Watching for file changes with StatReloader
INFO - 2022-05-02 21:32:34,617 - autoreload - A:\Univer\3 Year\2 semester\CS\ICT\wsp\app\models.py changed, reloading.
INFO - 2022-05-02 21:32:35,139 - autoreload - Watching for file changes with StatReloader
INFO - 2022-05-02 21:32:45,897 - autoreload - A:\Univer\3 Year\2 semester\CS\ICT\wsp\app\models.py changed, reloading.
INFO - 2022-05-02 21:32:46,481 - autoreload - Watching for file changes with StatReloader
INFO - 2022-05-02 21:35:23,754 - autoreload - A:\Univer\3 Year\2 semester\CS\ICT\wsp\app\models.py changed, reloading.
INFO - 2022-05-02 21:35:24,236 - autoreload - Watching for file changes with StatReloader
INFO - 2022-05-02 21:35:33,770 - autoreload - A:\Univer\3 Year\2 semester\CS\ICT\wsp\app\models.py changed, reloading.
INFO - 2022-05-02 21:35:34,275 - autoreload - Watching for file changes with StatReloader
INFO - 2022-05-02 21:35:57,570 - autoreload - A:\Univer\3 Year\2 semester\CS\ICT\wsp\app\models.py changed, reloading.
INFO - 2022-05-02 21:35:58,264 - autoreload - Watching for file changes with StatReloader
INFO - 2022-05-02 21:36:12,933 - autoreload - A:\Univer\3 Year\2 semester\CS\ICT\wsp\app\models.py changed, reloading.
INFO - 2022-05-02 21:36:13,449 - autoreload - Watching for file changes with StatReloader
INFO - 2022-05-02 21:36:37,440 - autoreload - A:\Univer\3 Year\2 semester\CS\ICT\wsp\app\models.py changed, reloading.
INFO - 2022-05-02 21:36:37,967 - autoreload - Watching for file changes with StatReloader
INFO - 2022-05-02 21:37:43,142 - autoreload - A:\Univer\3 Year\2 semester\CS\ICT\wsp\app\admin.py changed, reloading.
INFO - 2022-05-02 21:37:43,673 - autoreload - Watching for file changes with StatReloader
INFO - 2022-05-02 21:39:10,534 - autoreload - A:\Univer\3 Year\2 semester\CS\ICT\wsp\wsp\settings.py changed, reloading.
INFO - 2022-05-02 21:39:11,067 - autoreload - Watching for file changes with StatReloader
INFO - 2022-05-02 21:39:46,365 - autoreload - A:\Univer\3 Year\2 semester\CS\ICT\wsp\app\admin.py changed, reloading.
INFO - 2022-05-02 21:39:46,864 - autoreload - Watching for file changes with StatReloader
INFO - 2022-05-02 21:42:17,868 - autoreload - A:\Univer\3 Year\2 semester\CS\ICT\wsp\app\models.py changed, reloading.
INFO - 2022-05-02 21:42:18,405 - autoreload - Watching for file changes with StatReloader
INFO - 2022-05-02 21:44:31,650 - autoreload - A:\Univer\3 Year\2 semester\CS\ICT\wsp\app\models.py changed, reloading.
INFO - 2022-05-02 21:44:32,212 - autoreload - Watching for file changes with StatReloader
INFO - 2022-05-02 21:45:08,030 - autoreload - A:\Univer\3 Year\2 semester\CS\ICT\wsp\app\models.py changed, reloading.
INFO - 2022-05-02 21:45:08,536 - autoreload - Watching for file changes with StatReloader
INFO - 2022-05-02 21:45:26,619 - autoreload - A:\Univer\3 Year\2 semester\CS\ICT\wsp\app\models.py changed, reloading.
INFO - 2022-05-02 21:45:27,136 - autoreload - Watching for file changes with StatReloader
INFO - 2022-05-02 21:46:21,837 - autoreload - A:\Univer\3 Year\2 semester\CS\ICT\wsp\app\models.py changed, reloading.
INFO - 2022-05-02 21:46:22,384 - autoreload - Watching for file changes with StatReloader
INFO - 2022-05-02 21:47:16,099 - autoreload - A:\Univer\3 Year\2 semester\CS\ICT\wsp\app\models.py changed, reloading.
INFO - 2022-05-02 21:47:16,582 - autoreload - Watching for file changes with StatReloader
INFO - 2022-05-02 21:47:27,157 - autoreload - A:\Univer\3 Year\2 semester\CS\ICT\wsp\app\models.py changed, reloading.
INFO - 2022-05-02 21:47:27,639 - autoreload - Watching for file changes with StatReloader
INFO - 2022-05-02 21:47:34,229 - autoreload - A:\Univer\3 Year\2 semester\CS\ICT\wsp\app\models.py changed, reloading.
INFO - 2022-05-02 21:47:34,782 - autoreload - Watching for file changes with StatReloader
INFO - 2022-05-02 21:48:58,962 - autoreload - A:\Univer\3 Year\2 semester\CS\ICT\wsp\app\migrations\0001_initial.py changed, reloading.
INFO - 2022-05-02 21:48:59,453 - autoreload - Watching for file changes with StatReloader
ERROR - 2022-05-02 21:49:27,452 - basehttp - "GET /admin/ HTTP/1.1" 500 175108
INFO - 2022-05-02 21:53:49,145 - autoreload - A:\Univer\3 Year\2 semester\CS\ICT\wsp\app\models.py changed, reloading.
INFO - 2022-05-02 21:53:49,648 - autoreload - Watching for file changes with StatReloader
INFO - 2022-05-02 21:54:12,611 - autoreload - A:\Univer\3 Year\2 semester\CS\ICT\wsp\app\models.py changed, reloading.
INFO - 2022-05-02 21:54:13,173 - autoreload - Watching for file changes with StatReloader
INFO - 2022-05-02 21:54:45,308 - autoreload - Watching for file changes with StatReloader
INFO - 2022-05-02 21:55:03,128 - autoreload - Watching for file changes with StatReloader
INFO - 2022-05-02 21:56:04,187 - autoreload - A:\Univer\3 Year\2 semester\CS\ICT\wsp\app\managers.py changed, reloading.
INFO - 2022-05-02 21:56:04,681 - autoreload - Watching for file changes with StatReloader
INFO - 2022-05-02 21:57:05,763 - autoreload - A:\Univer\3 Year\2 semester\CS\ICT\wsp\app\models.py changed, reloading.
INFO - 2022-05-02 21:57:06,273 - autoreload - Watching for file changes with StatReloader
INFO - 2022-05-02 21:57:09,697 - autoreload - A:\Univer\3 Year\2 semester\CS\ICT\wsp\app\models.py changed, reloading.
INFO - 2022-05-02 21:57:10,256 - autoreload - Watching for file changes with StatReloader
ERROR - 2022-05-02 21:57:37,911 - basehttp - "GET /admin/ HTTP/1.1" 500 175247
ERROR - 2022-05-02 22:12:33,953 - basehttp - "GET /admin/ HTTP/1.1" 500 175247
INFO - 2022-05-02 22:13:34,337 - autoreload - Watching for file changes with StatReloader
WARNING - 2022-05-02 22:13:37,458 - basehttp - "GET / HTTP/1.1" 404 2160
ERROR - 2022-05-02 22:13:41,788 - basehttp - "GET /admin/ HTTP/1.1" 500 175110
ERROR - 2022-05-02 22:14:22,399 - basehttp - "GET /admin/ HTTP/1.1" 500 175247
ERROR - 2022-05-02 22:14:22,990 - basehttp - "GET /admin/ HTTP/1.1" 500 175247
ERROR - 2022-05-02 22:14:23,192 - basehttp - "GET /admin/ HTTP/1.1" 500 175247
INFO - 2022-05-02 22:14:23,455 - basehttp - - Broken pipe from ('127.0.0.1', 55659)

ERROR - 2022-05-02 22:14:23,486 - basehttp - "GET /admin/ HTTP/1.1" 500 175247
ERROR - 2022-05-02 22:14:23,646 - basehttp - "GET /admin/ HTTP/1.1" 500 175247
ERROR - 2022-05-02 22:14:24,454 - basehttp - "GET /admin/ HTTP/1.1" 500 175247
INFO - 2022-05-02 22:16:23,008 - autoreload - Watching for file changes with StatReloader
INFO - 2022-05-02 22:19:09,673 - autoreload - A:\Univer\3 Year\2 semester\CS\ICT\wsp\app\models.py changed, reloading.
INFO - 2022-05-02 22:19:10,160 - autoreload - Watching for file changes with StatReloader
INFO - 2022-05-02 22:19:22,826 - autoreload - A:\Univer\3 Year\2 semester\CS\ICT\wsp\app\models.py changed, reloading.
INFO - 2022-05-02 22:19:23,460 - autoreload - Watching for file changes with StatReloader
INFO - 2022-05-02 22:21:17,947 - autoreload - A:\Univer\3 Year\2 semester\CS\ICT\wsp\app\migrations\0001_initial.py changed, reloading.
INFO - 2022-05-02 22:21:18,430 - autoreload - Watching for file changes with StatReloader
INFO - 2022-05-02 22:23:50,277 - autoreload - A:\Univer\3 Year\2 semester\CS\ICT\wsp\app\models.py changed, reloading.
INFO - 2022-05-02 22:23:50,991 - autoreload - Watching for file changes with StatReloader
INFO - 2022-05-02 22:23:55,371 - autoreload - A:\Univer\3 Year\2 semester\CS\ICT\wsp\app\models.py changed, reloading.
INFO - 2022-05-02 22:23:55,842 - autoreload - Watching for file changes with StatReloader
INFO - 2022-05-02 22:25:13,576 - autoreload - A:\Univer\3 Year\2 semester\CS\ICT\wsp\app\admin.py changed, reloading.
INFO - 2022-05-02 22:25:14,107 - autoreload - Watching for file changes with StatReloader
INFO - 2022-05-02 22:25:19,518 - basehttp - "GET /admin/login/?next=/admin/ HTTP/1.1" 200 2220
INFO - 2022-05-02 22:25:19,559 - basehttp - "GET /static/admin/css/login.css HTTP/1.1" 200 954
INFO - 2022-05-02 22:25:25,664 - basehttp - "POST /admin/login/?next=/admin/ HTTP/1.1" 302 0
INFO - 2022-05-02 22:25:25,698 - basehttp - "GET /admin/ HTTP/1.1" 200 3977
INFO - 2022-05-02 22:25:29,779 - basehttp - "GET /admin/app/customuser/ HTTP/1.1" 200 8140
INFO - 2022-05-02 22:25:29,806 - basehttp - "GET /static/admin/js/vendor/jquery/jquery.js HTTP/1.1" 304 0
INFO - 2022-05-02 22:25:29,806 - basehttp - "GET /static/admin/js/jquery.init.js HTTP/1.1" 304 0
INFO - 2022-05-02 22:25:29,810 - basehttp - "GET /static/admin/js/core.js HTTP/1.1" 304 0
INFO - 2022-05-02 22:25:29,814 - basehttp - "GET /static/admin/js/urlify.js HTTP/1.1" 304 0
INFO - 2022-05-02 22:25:29,815 - basehttp - "GET /static/admin/js/admin/RelatedObjectLookups.js HTTP/1.1" 304 0
INFO - 2022-05-02 22:25:29,815 - basehttp - "GET /static/admin/js/prepopulate.js HTTP/1.1" 304 0
INFO - 2022-05-02 22:25:29,816 - basehttp - "GET /static/admin/js/vendor/xregexp/xregexp.js HTTP/1.1" 304 0
INFO - 2022-05-02 22:25:29,816 - basehttp - "GET /static/admin/js/actions.js HTTP/1.1" 304 0
INFO - 2022-05-02 22:25:29,821 - basehttp - "GET /static/admin/img/search.svg HTTP/1.1" 200 458
INFO - 2022-05-02 22:25:29,827 - basehttp - "GET /static/admin/img/icon-yes.svg HTTP/1.1" 200 436
INFO - 2022-05-02 22:25:29,832 - basehttp - "GET /admin/jsi18n/ HTTP/1.1" 200 3343
INFO - 2022-05-02 22:25:29,910 - basehttp - "GET /static/admin/img/sorting-icons.svg HTTP/1.1" 200 1097
INFO - 2022-05-02 22:25:32,209 - basehttp - "GET /admin/app/customuser/1/change/ HTTP/1.1" 200 7797
INFO - 2022-05-02 22:25:32,252 - basehttp - "GET /admin/jsi18n/ HTTP/1.1" 200 3343
INFO - 2022-05-02 22:25:36,307 - basehttp - "GET /admin/app/customuser/ HTTP/1.1" 200 8140
INFO - 2022-05-02 22:27:10,712 - autoreload - A:\Univer\3 Year\2 semester\CS\ICT\wsp\app\models.py changed, reloading.
INFO - 2022-05-02 22:27:11,218 - autoreload - Watching for file changes with StatReloader
INFO - 2022-05-02 22:27:20,932 - autoreload - A:\Univer\3 Year\2 semester\CS\ICT\wsp\app\models.py changed, reloading.
INFO - 2022-05-02 22:27:21,465 - autoreload - Watching for file changes with StatReloader
INFO - 2022-05-02 22:28:31,771 - autoreload - A:\Univer\3 Year\2 semester\CS\ICT\wsp\app\models.py changed, reloading.
INFO - 2022-05-02 22:28:32,256 - autoreload - Watching for file changes with StatReloader
INFO - 2022-05-02 22:29:49,964 - autoreload - A:\Univer\3 Year\2 semester\CS\ICT\wsp\app\models.py changed, reloading.
INFO - 2022-05-02 22:29:50,456 - autoreload - Watching for file changes with StatReloader
INFO - 2022-05-02 22:30:13,761 - autoreload - A:\Univer\3 Year\2 semester\CS\ICT\wsp\app\models.py changed, reloading.
INFO - 2022-05-02 22:30:14,404 - autoreload - Watching for file changes with StatReloader
INFO - 2022-05-02 22:30:31,450 - autoreload - A:\Univer\3 Year\2 semester\CS\ICT\wsp\app\models.py changed, reloading.
INFO - 2022-05-02 22:30:32,060 - autoreload - Watching for file changes with StatReloader
INFO - 2022-05-02 22:30:42,824 - autoreload - A:\Univer\3 Year\2 semester\CS\ICT\wsp\app\models.py changed, reloading.
INFO - 2022-05-02 22:30:43,329 - autoreload - Watching for file changes with StatReloader
INFO - 2022-05-03 13:24:53,785 - autoreload - Watching for file changes with StatReloader
INFO - 2022-05-03 13:26:59,803 - autoreload - Watching for file changes with StatReloader
INFO - 2022-05-03 13:27:02,511 - basehttp - "GET /api/news/ HTTP/1.1" 200 52
INFO - 2022-05-03 13:28:27,728 - autoreload - A:\Univer\3 Year\2 semester\CS\ICT\wsp\app\views.py changed, reloading.
INFO - 2022-05-03 13:28:28,253 - autoreload - Watching for file changes with StatReloader
INFO - 2022-05-03 13:28:58,194 - autoreload - A:\Univer\3 Year\2 semester\CS\ICT\wsp\app\views.py changed, reloading.
INFO - 2022-05-03 13:28:58,758 - autoreload - Watching for file changes with StatReloader
INFO - 2022-05-03 13:31:20,586 - autoreload - A:\Univer\3 Year\2 semester\CS\ICT\wsp\app\views.py changed, reloading.
INFO - 2022-05-03 13:31:21,083 - autoreload - Watching for file changes with StatReloader
INFO - 2022-05-03 13:31:24,424 - autoreload - A:\Univer\3 Year\2 semester\CS\ICT\wsp\app\views.py changed, reloading.
INFO - 2022-05-03 13:31:24,944 - autoreload - Watching for file changes with StatReloader
INFO - 2022-05-03 13:32:48,315 - autoreload - A:\Univer\3 Year\2 semester\CS\ICT\wsp\app\views.py changed, reloading.
INFO - 2022-05-03 13:32:49,166 - autoreload - Watching for file changes with StatReloader
INFO - 2022-05-03 13:34:16,918 - autoreload - A:\Univer\3 Year\2 semester\CS\ICT\wsp\app\views.py changed, reloading.
INFO - 2022-05-03 13:34:17,426 - autoreload - Watching for file changes with StatReloader
WARNING - 2022-05-03 13:34:23,191 - basehttp - "GET / HTTP/1.1" 404 2160
WARNING - 2022-05-03 13:34:23,289 - basehttp - "GET /favicon.ico HTTP/1.1" 404 2211
INFO - 2022-05-03 13:34:26,790 - basehttp - "GET /api HTTP/1.1" 301 0
INFO - 2022-05-03 13:34:26,825 - basehttp - "GET /api/ HTTP/1.1" 200 42
INFO - 2022-05-03 13:34:30,265 - basehttp - "GET /api/news HTTP/1.1" 301 0
INFO - 2022-05-03 13:34:30,293 - basehttp - "GET /api/news/ HTTP/1.1" 200 52
INFO - 2022-05-03 13:34:54,893 - autoreload - A:\Univer\3 Year\2 semester\CS\ICT\wsp\app\views.py changed, reloading.
INFO - 2022-05-03 13:34:55,422 - autoreload - Watching for file changes with StatReloader
INFO - 2022-05-03 13:34:55,685 - basehttp - "GET /api/news/ HTTP/1.1" 200 52
INFO - 2022-05-03 13:35:03,791 - basehttp - "GET /api/news/f HTTP/1.1" 301 0
WARNING - 2022-05-03 13:35:03,818 - basehttp - "GET /api/news/f/ HTTP/1.1" 404 23
WARNING - 2022-05-03 13:35:07,151 - basehttp - "GET /api/newsf HTTP/1.1" 404 3698
INFO - 2022-05-03 13:57:24,174 - basehttp - "GET /api/news/ HTTP/1.1" 200 52
INFO - 2022-05-03 14:03:10,860 - autoreload - A:\Univer\3 Year\2 semester\CS\ICT\wsp\wsp\settings.py changed, reloading.
INFO - 2022-05-03 14:03:11,421 - autoreload - Watching for file changes with StatReloader
INFO - 2022-05-03 14:03:26,103 - autoreload - A:\Univer\3 Year\2 semester\CS\ICT\wsp\wsp\settings.py changed, reloading.
INFO - 2022-05-03 14:03:26,741 - autoreload - Watching for file changes with StatReloader
INFO - 2022-05-03 14:03:36,314 - autoreload - A:\Univer\3 Year\2 semester\CS\ICT\wsp\wsp\settings.py changed, reloading.
INFO - 2022-05-03 14:03:36,859 - autoreload - Watching for file changes with StatReloader
INFO - 2022-05-03 14:22:10,155 - autoreload - Watching for file changes with StatReloader
INFO - 2022-05-03 14:22:23,729 - autoreload - A:\Univer\3 Year\2 semester\CS\ICT\wsp\app\urls.py changed, reloading.
INFO - 2022-05-03 14:22:24,268 - autoreload - Watching for file changes with StatReloader
WARNING - 2022-05-03 14:22:26,062 - basehttp - "GET / HTTP/1.1" 404 2160
INFO - 2022-05-03 14:22:30,458 - basehttp - "GET /api/ HTTP/1.1" 200 42
INFO - 2022-05-03 14:22:34,432 - basehttp - "GET /api/news/ HTTP/1.1" 200 52
INFO - 2022-05-03 14:36:49,243 - basehttp - "GET /api/news/ HTTP/1.1" 200 52
INFO - 2022-05-03 14:46:23,121 - basehttp - "POST /api/news/ HTTP/1.1" 201 97
INFO - 2022-05-03 14:46:32,960 - basehttp - "GET /api/news/ HTTP/1.1" 200 149
INFO - 2022-05-03 14:48:16,470 - basehttp - "GET /api/news/ HTTP/1.1" 200 149
INFO - 2022-05-03 14:48:24,063 - basehttp - "GET /api/news/ HTTP/1.1" 200 149
INFO - 2022-05-03 14:48:42,766 - basehttp - "GET /api/news/ HTTP/1.1" 200 149
INFO - 2022-05-03 14:49:22,576 - basehttp - "GET /api/news/ HTTP/1.1" 200 149
INFO - 2022-05-03 14:49:23,780 - basehttp - "GET /api/news/ HTTP/1.1" 200 149
INFO - 2022-05-03 14:49:43,128 - basehttp - "GET /api/news/ HTTP/1.1" 200 149
INFO - 2022-05-03 14:49:45,589 - basehttp - "GET /api/news/ HTTP/1.1" 200 149
INFO - 2022-05-03 14:50:17,769 - basehttp - "GET /api/news/ HTTP/1.1" 200 149
INFO - 2022-05-03 14:50:43,260 - basehttp - "GET /api/news/ HTTP/1.1" 200 149
INFO - 2022-05-03 14:51:54,163 - basehttp - "GET /api/news/ HTTP/1.1" 200 149
INFO - 2022-05-03 14:51:55,866 - basehttp - "GET /api/news/ HTTP/1.1" 200 149
INFO - 2022-05-03 14:53:00,391 - basehttp - "GET /api/news/ HTTP/1.1" 200 149
INFO - 2022-05-03 14:53:01,832 - basehttp - "GET /api/news/ HTTP/1.1" 200 149
INFO - 2022-05-03 14:54:46,568 - basehttp - "GET /api/news/ HTTP/1.1" 200 149
INFO - 2022-05-03 14:54:47,784 - basehttp - "GET /api/news/ HTTP/1.1" 200 149
INFO - 2022-05-03 14:55:29,913 - basehttp - "GET /api/news/ HTTP/1.1" 200 149
INFO - 2022-05-03 14:55:39,490 - basehttp - "GET /api/news/ HTTP/1.1" 200 149
INFO - 2022-05-03 14:55:45,365 - basehttp - "GET /api/news/ HTTP/1.1" 200 149
INFO - 2022-05-03 14:56:30,664 - basehttp - "GET /api/news/ HTTP/1.1" 200 149
INFO - 2022-05-03 14:56:31,479 - basehttp - "GET /api/news/ HTTP/1.1" 200 149
INFO - 2022-05-03 14:56:40,546 - basehttp - "GET /api/news/ HTTP/1.1" 200 149
INFO - 2022-05-03 14:57:25,003 - basehttp - "GET /api/news/ HTTP/1.1" 200 149
INFO - 2022-05-03 14:57:25,715 - basehttp - "GET /api/news/ HTTP/1.1" 200 149
INFO - 2022-05-03 14:57:30,413 - basehttp - "GET /api/news/ HTTP/1.1" 200 149
INFO - 2022-05-03 14:58:24,974 - basehttp - "GET /api/news/ HTTP/1.1" 200 149
INFO - 2022-05-03 14:58:25,980 - basehttp - "GET /api/news/ HTTP/1.1" 200 149
INFO - 2022-05-03 15:00:29,082 - basehttp - "GET /api/news/ HTTP/1.1" 200 149
INFO - 2022-05-03 15:00:32,123 - basehttp - "GET /api/news/ HTTP/1.1" 200 149
INFO - 2022-05-03 15:04:46,189 - basehttp - "GET /api/news/ HTTP/1.1" 200 149
INFO - 2022-05-03 15:04:47,429 - basehttp - "GET /api/news/ HTTP/1.1" 200 149
INFO - 2022-05-03 15:05:51,252 - basehttp - "GET /api/news/ HTTP/1.1" 200 149
INFO - 2022-05-03 15:05:51,928 - basehttp - "GET /api/news/ HTTP/1.1" 200 149
INFO - 2022-05-03 15:06:01,174 - basehttp - "GET /api/news/ HTTP/1.1" 200 149
INFO - 2022-05-03 15:06:01,979 - basehttp - "GET /api/news/ HTTP/1.1" 200 149
INFO - 2022-05-03 15:06:46,480 - basehttp - "GET /api/news/ HTTP/1.1" 200 149
INFO - 2022-05-03 15:06:56,350 - basehttp - "GET /api/news/ HTTP/1.1" 200 149
INFO - 2022-05-03 15:06:57,499 - basehttp - "GET /api/news/ HTTP/1.1" 200 149
INFO - 2022-05-03 15:08:06,832 - basehttp - "GET /api/news/ HTTP/1.1" 200 149
INFO - 2022-05-03 15:08:30,056 - basehttp - "GET /api/news/ HTTP/1.1" 200 149
INFO - 2022-05-03 15:08:31,286 - basehttp - "GET /api/news/ HTTP/1.1" 200 149
INFO - 2022-05-03 15:10:10,700 - basehttp - "GET /api/news/ HTTP/1.1" 200 149
INFO - 2022-05-03 15:10:47,061 - basehttp - "GET /api/news/ HTTP/1.1" 200 149
INFO - 2022-05-03 15:11:04,009 - basehttp - "GET /api/news/ HTTP/1.1" 200 149
INFO - 2022-05-03 15:11:06,260 - basehttp - "GET /api/news/ HTTP/1.1" 200 149
INFO - 2022-05-03 15:11:09,162 - basehttp - "GET /api/news/ HTTP/1.1" 200 149
INFO - 2022-05-03 15:11:15,794 - basehttp - "GET /api/news/ HTTP/1.1" 200 149
INFO - 2022-05-03 15:11:20,400 - basehttp - "GET /api/news/ HTTP/1.1" 200 149
INFO - 2022-05-03 15:11:24,971 - basehttp - "GET /api/news/ HTTP/1.1" 200 149
INFO - 2022-05-03 15:11:35,111 - basehttp - "GET /api/news/ HTTP/1.1" 200 149
INFO - 2022-05-03 15:11:38,991 - basehttp - "GET /api/news/ HTTP/1.1" 200 149
INFO - 2022-05-03 15:11:41,721 - basehttp - "GET /api/news/ HTTP/1.1" 200 149
INFO - 2022-05-03 15:11:51,933 - basehttp - "GET /api/news/ HTTP/1.1" 200 149
INFO - 2022-05-03 15:12:02,148 - basehttp - "GET /api/news/ HTTP/1.1" 200 149
INFO - 2022-05-03 15:13:53,458 - basehttp - "GET /api/news/ HTTP/1.1" 200 149
INFO - 2022-05-03 15:13:53,480 - basehttp - "GET /api/news/ HTTP/1.1" 200 149
INFO - 2022-05-03 15:14:10,097 - basehttp - "GET /api/news/ HTTP/1.1" 200 149
INFO - 2022-05-03 15:14:30,328 - basehttp - "GET /api/news/ HTTP/1.1" 200 149
INFO - 2022-05-03 15:14:32,127 - basehttp - "GET /api/news/ HTTP/1.1" 200 149
INFO - 2022-05-03 15:14:45,174 - basehttp - "GET /api/news/ HTTP/1.1" 200 149
INFO - 2022-05-03 15:14:46,614 - basehttp - "GET /api/news/ HTTP/1.1" 200 149
INFO - 2022-05-03 15:15:05,713 - basehttp - "GET /api/news/ HTTP/1.1" 200 149
INFO - 2022-05-03 15:15:17,613 - basehttp - "GET /api/news/ HTTP/1.1" 200 149
INFO - 2022-05-03 15:15:18,203 - basehttp - "GET /api/news/ HTTP/1.1" 200 149
INFO - 2022-05-03 15:15:50,794 - basehttp - "GET /api/news/ HTTP/1.1" 200 149
INFO - 2022-05-03 15:15:52,930 - basehttp - "GET /api/news/ HTTP/1.1" 200 149
INFO - 2022-05-03 15:15:55,512 - basehttp - "GET /api/news/ HTTP/1.1" 200 149
INFO - 2022-05-03 15:16:16,667 - basehttp - "GET /api/news/ HTTP/1.1" 200 149
INFO - 2022-05-03 15:16:17,739 - basehttp - "GET /api/news/ HTTP/1.1" 200 149
INFO - 2022-05-03 15:16:27,258 - basehttp - "GET /api/news/ HTTP/1.1" 200 149
INFO - 2022-05-03 15:16:36,580 - basehttp - "GET /api/news/ HTTP/1.1" 200 149
INFO - 2022-05-03 15:16:37,981 - basehttp - "GET /api/news/ HTTP/1.1" 200 149
INFO - 2022-05-03 15:16:38,870 - basehttp - "GET /api/news/ HTTP/1.1" 200 149
INFO - 2022-05-03 15:17:15,656 - basehttp - "GET /api/news/ HTTP/1.1" 200 149
INFO - 2022-05-03 15:17:16,877 - basehttp - "GET /api/news/ HTTP/1.1" 200 149
INFO - 2022-05-03 15:18:44,573 - basehttp - "GET /api/news/ HTTP/1.1" 200 149
INFO - 2022-05-03 15:20:53,572 - basehttp - "GET /api/news/ HTTP/1.1" 200 149
INFO - 2022-05-03 15:20:53,603 - basehttp - "GET /api/news/ HTTP/1.1" 200 149
INFO - 2022-05-03 15:20:53,638 - basehttp - "GET /api/news/ HTTP/1.1" 200 149
INFO - 2022-05-03 15:20:53,674 - basehttp - - Broken pipe from ('127.0.0.1', 59896)

INFO - 2022-05-03 15:20:53,996 - basehttp - "GET /api/news/ HTTP/1.1" 200 149
INFO - 2022-05-03 15:21:13,741 - basehttp - "GET /api/news/ HTTP/1.1" 200 149
INFO - 2022-05-03 15:21:29,421 - basehttp - "GET /api/news/ HTTP/1.1" 200 149
INFO - 2022-05-03 15:21:39,910 - basehttp - "GET /api/news/ HTTP/1.1" 200 149
INFO - 2022-05-03 15:21:46,466 - basehttp - "GET /api/news/ HTTP/1.1" 200 149
INFO - 2022-05-03 15:21:50,849 - basehttp - "GET /api/news/ HTTP/1.1" 200 149
INFO - 2022-05-03 15:21:54,309 - basehttp - "GET /api/news/ HTTP/1.1" 200 149
INFO - 2022-05-03 15:22:03,776 - basehttp - "GET /api/news/ HTTP/1.1" 200 149
INFO - 2022-05-03 15:22:40,279 - basehttp - "GET /api/news/ HTTP/1.1" 200 149
INFO - 2022-05-03 15:23:08,602 - basehttp - "GET /api/news/ HTTP/1.1" 200 149
INFO - 2022-05-03 15:23:26,613 - basehttp - "GET /api/news/ HTTP/1.1" 200 149
INFO - 2022-05-03 15:23:26,635 - basehttp - "GET /api/news/ HTTP/1.1" 200 149
INFO - 2022-05-03 15:23:42,362 - basehttp - "GET /api/news/ HTTP/1.1" 200 149
INFO - 2022-05-03 15:23:46,104 - basehttp - "GET /api/news/ HTTP/1.1" 200 149
INFO - 2022-05-03 15:25:20,873 - basehttp - - Broken pipe from ('127.0.0.1', 60377)

INFO - 2022-05-03 15:25:21,419 - basehttp - "GET /api/news/ HTTP/1.1" 200 149
INFO - 2022-05-03 15:25:26,306 - basehttp - "GET /api/news/ HTTP/1.1" 200 149
INFO - 2022-05-03 15:25:27,560 - basehttp - "GET /api/news/ HTTP/1.1" 200 149
INFO - 2022-05-03 15:25:30,185 - basehttp - "GET /api/news/ HTTP/1.1" 200 149
INFO - 2022-05-03 15:25:30,190 - basehttp - "OPTIONS /api/news/ HTTP/1.1" 200 0
INFO - 2022-05-03 15:25:30,226 - basehttp - "POST /api/news/ HTTP/1.1" 201 96
INFO - 2022-05-03 15:25:30,249 - basehttp - "GET /api/news/ HTTP/1.1" 200 246
INFO - 2022-05-03 15:25:33,786 - basehttp - "GET /api/news/ HTTP/1.1" 200 246
INFO - 2022-05-03 15:25:33,813 - basehttp - "POST /api/news/ HTTP/1.1" 201 107
INFO - 2022-05-03 15:25:33,837 - basehttp - "GET /api/news/ HTTP/1.1" 200 354
INFO - 2022-05-03 15:26:27,860 - basehttp - "GET /api/news/ HTTP/1.1" 200 354
INFO - 2022-05-03 16:32:50,649 - autoreload - A:\Univer\3 Year\2 semester\CS\ICT\wsp\app\serializers.py changed, reloading.
INFO - 2022-05-03 16:32:51,614 - autoreload - Watching for file changes with StatReloader
WARNING - 2022-05-03 16:33:08,193 - basehttp - "GET /main/todos/ HTTP/1.1" 404 2211
WARNING - 2022-05-03 16:33:08,289 - basehttp - "GET /favicon.ico HTTP/1.1" 404 2211
WARNING - 2022-05-03 16:33:13,503 - basehttp - "GET /api/todos/ HTTP/1.1" 404 3701
INFO - 2022-05-03 16:34:56,703 - autoreload - A:\Univer\3 Year\2 semester\CS\ICT\wsp\app\urls.py changed, reloading.
INFO - 2022-05-03 16:34:57,450 - autoreload - Watching for file changes with StatReloader
INFO - 2022-05-03 16:35:01,885 - autoreload - A:\Univer\3 Year\2 semester\CS\ICT\wsp\app\views.py changed, reloading.
INFO - 2022-05-03 16:35:02,459 - autoreload - Watching for file changes with StatReloader
INFO - 2022-05-03 16:35:05,821 - autoreload - A:\Univer\3 Year\2 semester\CS\ICT\wsp\app\views.py changed, reloading.
INFO - 2022-05-03 16:35:06,341 - autoreload - Watching for file changes with StatReloader
INFO - 2022-05-03 16:35:32,434 - autoreload - A:\Univer\3 Year\2 semester\CS\ICT\wsp\app\urls.py changed, reloading.
INFO - 2022-05-03 16:35:33,019 - autoreload - Watching for file changes with StatReloader
INFO - 2022-05-03 16:35:40,527 - autoreload - A:\Univer\3 Year\2 semester\CS\ICT\wsp\app\views.py changed, reloading.
INFO - 2022-05-03 16:35:41,017 - autoreload - Watching for file changes with StatReloader
WARNING - 2022-05-03 16:35:48,058 - basehttp - "GET /api/todos/ HTTP/1.1" 404 7503
INFO - 2022-05-03 16:35:54,127 - basehttp - "GET /api/course_schedule/ HTTP/1.1" 200 52
INFO - 2022-05-03 16:36:00,288 - basehttp - "GET /admin/main/task/ HTTP/1.1" 302 0
INFO - 2022-05-03 16:36:00,349 - basehttp - "GET /admin/login/?next=/admin/main/task/ HTTP/1.1" 200 2240
INFO - 2022-05-03 16:36:00,384 - basehttp - "GET /static/admin/css/login.css HTTP/1.1" 304 0
WARNING - 2022-05-03 16:36:00,461 - basehttp - "GET /favicon.ico HTTP/1.1" 404 2211
INFO - 2022-05-03 16:36:05,946 - basehttp - "POST /admin/login/?next=/admin/main/task/ HTTP/1.1" 302 0
WARNING - 2022-05-03 16:36:05,973 - basehttp - "GET /admin/main/task/ HTTP/1.1" 404 4597
INFO - 2022-05-03 16:36:19,932 - basehttp - "GET /admin/ HTTP/1.1" 200 3981
INFO - 2022-05-03 16:36:39,132 - autoreload - A:\Univer\3 Year\2 semester\CS\ICT\wsp\app\admin.py changed, reloading.
INFO - 2022-05-03 16:36:39,851 - autoreload - Watching for file changes with StatReloader
INFO - 2022-05-03 16:39:08,809 - autoreload - Watching for file changes with StatReloader
INFO - 2022-05-03 16:39:10,716 - basehttp - "GET /admin/ HTTP/1.1" 200 6087
INFO - 2022-05-03 16:39:14,925 - basehttp - "GET /admin/app/student/ HTTP/1.1" 200 7944
INFO - 2022-05-03 16:39:14,955 - basehttp - "GET /static/admin/js/vendor/jquery/jquery.js HTTP/1.1" 304 0
INFO - 2022-05-03 16:39:14,957 - basehttp - "GET /static/admin/js/jquery.init.js HTTP/1.1" 304 0
INFO - 2022-05-03 16:39:14,962 - basehttp - "GET /static/admin/js/core.js HTTP/1.1" 304 0
INFO - 2022-05-03 16:39:14,962 - basehttp - "GET /static/admin/js/admin/RelatedObjectLookups.js HTTP/1.1" 304 0
INFO - 2022-05-03 16:39:14,964 - basehttp - "GET /static/admin/js/urlify.js HTTP/1.1" 304 0
INFO - 2022-05-03 16:39:14,965 - basehttp - "GET /static/admin/js/prepopulate.js HTTP/1.1" 304 0
INFO - 2022-05-03 16:39:14,965 - basehttp - "GET /static/admin/js/actions.js HTTP/1.1" 304 0
INFO - 2022-05-03 16:39:14,967 - basehttp - "GET /static/admin/js/vendor/xregexp/xregexp.js HTTP/1.1" 304 0
INFO - 2022-05-03 16:39:14,983 - basehttp - "GET /admin/jsi18n/ HTTP/1.1" 200 3343
INFO - 2022-05-03 16:39:15,007 - basehttp - "GET /static/admin/img/sorting-icons.svg HTTP/1.1" 304 0
INFO - 2022-05-03 16:39:16,894 - basehttp - "GET /admin/app/student/add/ HTTP/1.1" 200 17207
INFO - 2022-05-03 16:39:16,918 - basehttp - "GET /static/admin/js/calendar.js HTTP/1.1" 200 8466
INFO - 2022-05-03 16:39:16,918 - basehttp - "GET /static/admin/js/admin/DateTimeShortcuts.js HTTP/1.1" 200 19634
INFO - 2022-05-03 16:39:16,948 - basehttp - "GET /admin/jsi18n/ HTTP/1.1" 200 3343
INFO - 2022-05-03 16:39:17,012 - basehttp - "GET /static/admin/img/icon-calendar.svg HTTP/1.1" 200 1086
INFO - 2022-05-03 16:39:17,013 - basehttp - "GET /static/admin/img/icon-clock.svg HTTP/1.1" 200 677
INFO - 2022-05-03 16:39:31,049 - basehttp - "GET /admin/app/student/ HTTP/1.1" 200 7944
INFO - 2022-05-03 16:39:33,308 - basehttp - "GET /admin/app/customuser/ HTTP/1.1" 200 9604
INFO - 2022-05-03 16:39:33,327 - basehttp - "GET /static/admin/img/search.svg HTTP/1.1" 304 0
INFO - 2022-05-03 16:39:33,334 - basehttp - "GET /static/admin/img/icon-yes.svg HTTP/1.1" 304 0
INFO - 2022-05-03 16:39:33,354 - basehttp - "GET /admin/jsi18n/ HTTP/1.1" 200 3343
INFO - 2022-05-03 16:39:40,129 - basehttp - "GET /admin/app/tutor/ HTTP/1.1" 200 7926
INFO - 2022-05-03 16:39:40,173 - basehttp - "GET /admin/jsi18n/ HTTP/1.1" 200 3343
INFO - 2022-05-03 16:39:41,723 - basehttp - "GET /admin/app/schedule/ HTTP/1.1" 200 6542
INFO - 2022-05-03 16:39:41,771 - basehttp - "GET /admin/jsi18n/ HTTP/1.1" 200 3343
INFO - 2022-05-03 16:39:44,007 - basehttp - "GET /admin/app/student/ HTTP/1.1" 200 7944
INFO - 2022-05-03 16:39:44,053 - basehttp - "GET /admin/jsi18n/ HTTP/1.1" 200 3343
INFO - 2022-05-03 16:39:45,392 - basehttp - "GET /admin/app/tutor/ HTTP/1.1" 200 7926
INFO - 2022-05-03 16:39:45,536 - basehttp - "GET /admin/jsi18n/ HTTP/1.1" 200 3343
INFO - 2022-05-03 16:39:49,786 - basehttp - "GET /admin/app/courseschedule/ HTTP/1.1" 200 6589
INFO - 2022-05-03 16:39:49,933 - basehttp - "GET /admin/jsi18n/ HTTP/1.1" 200 3343
INFO - 2022-05-03 16:39:51,142 - basehttp - "GET /admin/app/courseschedule/add/ HTTP/1.1" 200 11272
INFO - 2022-05-03 16:39:51,189 - basehttp - "GET /admin/jsi18n/ HTTP/1.1" 200 3343
INFO - 2022-05-03 16:39:57,703 - basehttp - "GET /admin/app/course/ HTTP/1.1" 200 6528
INFO - 2022-05-03 16:39:57,750 - basehttp - "GET /admin/jsi18n/ HTTP/1.1" 200 3343
INFO - 2022-05-03 16:39:58,937 - basehttp - "GET /admin/app/course/add/ HTTP/1.1" 200 7680
INFO - 2022-05-03 16:39:58,984 - basehttp - "GET /admin/jsi18n/ HTTP/1.1" 200 3343
INFO - 2022-05-03 16:40:05,212 - basehttp - "POST /admin/app/course/add/ HTTP/1.1" 302 0
INFO - 2022-05-03 16:40:05,260 - basehttp - "GET /admin/app/course/ HTTP/1.1" 200 8067
INFO - 2022-05-03 16:40:05,307 - basehttp - "GET /admin/jsi18n/ HTTP/1.1" 200 3343
INFO - 2022-05-03 16:40:09,775 - basehttp - "GET /admin/app/courseschedule/ HTTP/1.1" 200 6589
INFO - 2022-05-03 16:40:09,825 - basehttp - "GET /admin/jsi18n/ HTTP/1.1" 200 3343
INFO - 2022-05-03 16:40:10,803 - basehttp - "GET /admin/app/courseschedule/add/ HTTP/1.1" 200 11309
INFO - 2022-05-03 16:40:10,855 - basehttp - "GET /admin/jsi18n/ HTTP/1.1" 200 3343
ERROR - 2022-05-03 16:40:20,263 - basehttp - "POST /admin/app/courseschedule/add/ HTTP/1.1" 500 118087
INFO - 2022-05-03 16:41:02,152 - basehttp - "GET /api/course/ HTTP/1.1" 200 88
INFO - 2022-05-03 16:41:06,871 - basehttp - "GET /api/news/ HTTP/1.1" 200 354
INFO - 2022-05-03 16:41:15,975 - basehttp - "GET /admin/app/courseschedule/ HTTP/1.1" 200 6589
INFO - 2022-05-03 16:41:16,042 - basehttp - "GET /admin/jsi18n/ HTTP/1.1" 200 3343
INFO - 2022-05-03 16:41:17,919 - basehttp - "GET /admin/app/courseschedule/ HTTP/1.1" 200 6589
INFO - 2022-05-03 16:41:17,960 - basehttp - "GET /admin/jsi18n/ HTTP/1.1" 200 3343
INFO - 2022-05-03 16:41:18,901 - basehttp - "GET /admin/app/course/ HTTP/1.1" 200 7872
INFO - 2022-05-03 16:41:18,946 - basehttp - "GET /admin/jsi18n/ HTTP/1.1" 200 3343
INFO - 2022-05-03 16:41:22,436 - basehttp - "GET /admin/app/courseschedule/ HTTP/1.1" 200 6589
INFO - 2022-05-03 16:41:22,485 - basehttp - "GET /admin/jsi18n/ HTTP/1.1" 200 3343
INFO - 2022-05-03 16:41:45,431 - basehttp - "GET /admin/app/courseschedule/add/ HTTP/1.1" 200 11309
INFO - 2022-05-03 16:41:45,494 - basehttp - "GET /admin/jsi18n/ HTTP/1.1" 200 3343
INFO - 2022-05-03 16:41:53,349 - basehttp - "POST /admin/app/courseschedule/add/ HTTP/1.1" 200 11584
INFO - 2022-05-03 16:41:53,393 - basehttp - "GET /admin/jsi18n/ HTTP/1.1" 200 3343
ERROR - 2022-05-03 16:41:57,102 - basehttp - "POST /admin/app/courseschedule/add/ HTTP/1.1" 500 118087
INFO - 2022-05-03 16:42:06,471 - autoreload - A:\Univer\3 Year\2 semester\CS\ICT\wsp\app\models.py changed, reloading.
INFO - 2022-05-03 16:42:07,154 - autoreload - Watching for file changes with StatReloader
INFO - 2022-05-03 16:42:07,773 - basehttp - "POST /admin/app/courseschedule/add/ HTTP/1.1" 302 0
INFO - 2022-05-03 16:42:07,831 - basehttp - "GET /admin/app/courseschedule/ HTTP/1.1" 200 8399
INFO - 2022-05-03 16:42:07,874 - basehttp - "GET /admin/jsi18n/ HTTP/1.1" 200 3343
INFO - 2022-05-03 16:42:14,946 - basehttp - "GET /admin/app/courseschedule/3/change/ HTTP/1.1" 200 11618
INFO - 2022-05-03 16:42:14,995 - basehttp - "GET /admin/jsi18n/ HTTP/1.1" 200 3343
INFO - 2022-05-03 16:42:17,199 - basehttp - "GET /admin/app/courseschedule/ HTTP/1.1" 200 8187
INFO - 2022-05-03 16:42:25,034 - basehttp - "GET /api/course_schedule/ HTTP/1.1" 200 52
INFO - 2022-05-03 16:42:30,968 - basehttp - "GET /admin/app/courseschedule/ HTTP/1.1" 200 8187
INFO - 2022-05-03 16:42:31,012 - basehttp - "GET /admin/jsi18n/ HTTP/1.1" 200 3343
INFO - 2022-05-03 16:43:20,596 - autoreload - A:\Univer\3 Year\2 semester\CS\ICT\wsp\app\urls.py changed, reloading.
INFO - 2022-05-03 16:43:21,201 - autoreload - Watching for file changes with StatReloader
INFO - 2022-05-03 16:43:21,850 - basehttp - "GET /api/course_schedule/ HTTP/1.1" 200 155
INFO - 2022-05-03 16:43:37,962 - autoreload - A:\Univer\3 Year\2 semester\CS\ICT\wsp\app\serializers.py changed, reloading.
INFO - 2022-05-03 16:43:38,486 - autoreload - Watching for file changes with StatReloader
INFO - 2022-05-03 16:43:39,300 - basehttp - "GET /api/course_schedule/ HTTP/1.1" 200 1040
INFO - 2022-05-03 16:44:09,643 - autoreload - A:\Univer\3 Year\2 semester\CS\ICT\wsp\app\serializers.py changed, reloading.
INFO - 2022-05-03 16:44:10,146 - autoreload - Watching for file changes with StatReloader
INFO - 2022-05-03 16:44:19,719 - autoreload - A:\Univer\3 Year\2 semester\CS\ICT\wsp\app\serializers.py changed, reloading.
INFO - 2022-05-03 16:44:20,231 - autoreload - Watching for file changes with StatReloader
INFO - 2022-05-03 16:44:26,717 - autoreload - A:\Univer\3 Year\2 semester\CS\ICT\wsp\app\serializers.py changed, reloading.
INFO - 2022-05-03 16:44:27,309 - autoreload - Watching for file changes with StatReloader
INFO - 2022-05-03 16:44:33,778 - autoreload - A:\Univer\3 Year\2 semester\CS\ICT\wsp\app\serializers.py changed, reloading.
INFO - 2022-05-03 16:44:34,270 - autoreload - Watching for file changes with StatReloader
INFO - 2022-05-03 16:44:38,699 - autoreload - A:\Univer\3 Year\2 semester\CS\ICT\wsp\app\serializers.py changed, reloading.
INFO - 2022-05-03 16:44:39,354 - autoreload - Watching for file changes with StatReloader
INFO - 2022-05-03 16:44:46,853 - autoreload - A:\Univer\3 Year\2 semester\CS\ICT\wsp\app\serializers.py changed, reloading.
INFO - 2022-05-03 16:44:47,379 - autoreload - Watching for file changes with StatReloader
INFO - 2022-05-03 16:44:48,313 - basehttp - "GET /api/course_schedule/ HTTP/1.1" 200 1040
INFO - 2022-05-03 16:44:54,889 - autoreload - A:\Univer\3 Year\2 semester\CS\ICT\wsp\app\serializers.py changed, reloading.
INFO - 2022-05-03 16:44:55,510 - autoreload - Watching for file changes with StatReloader
INFO - 2022-05-03 16:45:00,961 - autoreload - A:\Univer\3 Year\2 semester\CS\ICT\wsp\app\serializers.py changed, reloading.
INFO - 2022-05-03 16:45:01,470 - autoreload - Watching for file changes with StatReloader
INFO - 2022-05-03 16:45:07,586 - basehttp - "GET /api/tutor/ HTTP/1.1" 200 114
INFO - 2022-05-03 16:55:10,196 - autoreload - A:\Univer\3 Year\2 semester\CS\ICT\wsp\app\models.py changed, reloading.
INFO - 2022-05-03 16:55:10,681 - autoreload - Watching for file changes with StatReloader
INFO - 2022-05-03 16:56:00,659 - autoreload - A:\Univer\3 Year\2 semester\CS\ICT\wsp\app\admin.py changed, reloading.
INFO - 2022-05-03 16:56:01,172 - autoreload - Watching for file changes with StatReloader
INFO - 2022-05-03 16:56:28,200 - autoreload - A:\Univer\3 Year\2 semester\CS\ICT\wsp\app\models.py changed, reloading.
INFO - 2022-05-03 16:56:28,923 - autoreload - Watching for file changes with StatReloader
INFO - 2022-05-03 16:56:40,336 - autoreload - A:\Univer\3 Year\2 semester\CS\ICT\wsp\app\models.py changed, reloading.
INFO - 2022-05-03 16:56:40,957 - autoreload - Watching for file changes with StatReloader
INFO - 2022-05-03 16:57:16,898 - basehttp - "GET /admin/ HTTP/1.1" 200 6699
ERROR - 2022-05-03 16:57:19,581 - basehttp - "GET /admin/app/schedule/ HTTP/1.1" 500 160497
INFO - 2022-05-03 16:57:26,649 - autoreload - A:\Univer\3 Year\2 semester\CS\ICT\wsp\app\models.py changed, reloading.
INFO - 2022-05-03 16:57:27,369 - autoreload - Watching for file changes with StatReloader
INFO - 2022-05-03 16:57:27,803 - basehttp - "GET /admin/app/schedule/ HTTP/1.1" 200 6542
INFO - 2022-05-03 16:57:27,861 - basehttp - "GET /admin/jsi18n/ HTTP/1.1" 200 3343
INFO - 2022-05-03 16:57:31,674 - basehttp - "GET /admin/app/courseschedule/ HTTP/1.1" 200 8187
INFO - 2022-05-03 16:57:31,818 - basehttp - "GET /admin/jsi18n/ HTTP/1.1" 200 3343
INFO - 2022-05-03 16:57:35,058 - basehttp - "POST /admin/app/courseschedule/ HTTP/1.1" 200 6684
INFO - 2022-05-03 16:57:35,077 - basehttp - "GET /static/admin/js/cancel.js HTTP/1.1" 200 884
ERROR - 2022-05-03 16:57:36,000 - basehttp - "POST /admin/app/courseschedule/ HTTP/1.1" 500 161312
INFO - 2022-05-03 16:57:41,047 - autoreload - A:\Univer\3 Year\2 semester\CS\ICT\wsp\app\models.py changed, reloading.
INFO - 2022-05-03 16:57:41,538 - autoreload - Watching for file changes with StatReloader
INFO - 2022-05-03 17:00:24,624 - autoreload - Watching for file changes with StatReloader
INFO - 2022-05-03 17:00:25,052 - basehttp - "GET /admin/app/schedule/ HTTP/1.1" 200 6542
INFO - 2022-05-03 17:00:25,107 - basehttp - "GET /admin/jsi18n/ HTTP/1.1" 200 3343
INFO - 2022-05-03 17:00:29,849 - basehttp - "GET /admin/app/courseschedule/ HTTP/1.1" 200 6589
INFO - 2022-05-03 17:00:29,900 - basehttp - "GET /admin/jsi18n/ HTTP/1.1" 200 3343
INFO - 2022-05-03 17:00:30,883 - basehttp - "GET /admin/app/courseschedule/add/ HTTP/1.1" 200 10355
INFO - 2022-05-03 17:00:30,934 - basehttp - "GET /admin/jsi18n/ HTTP/1.1" 200 3343
INFO - 2022-05-03 17:00:40,347 - basehttp - "POST /admin/app/courseschedule/add/ HTTP/1.1" 302 0
INFO - 2022-05-03 17:00:40,405 - basehttp - "GET /admin/app/courseschedule/ HTTP/1.1" 200 8393
INFO - 2022-05-03 17:00:40,471 - basehttp - "GET /admin/jsi18n/ HTTP/1.1" 200 3343
INFO - 2022-05-03 17:00:42,598 - basehttp - "GET /admin/app/schedule/ HTTP/1.1" 200 6542
INFO - 2022-05-03 17:00:42,652 - basehttp - "GET /admin/jsi18n/ HTTP/1.1" 200 3343
INFO - 2022-05-03 17:00:43,748 - basehttp - "GET /admin/app/schedule/add/ HTTP/1.1" 200 9035
INFO - 2022-05-03 17:00:43,802 - basehttp - "GET /admin/jsi18n/ HTTP/1.1" 200 3343
ERROR - 2022-05-03 17:00:47,753 - basehttp - "POST /admin/app/schedule/add/ HTTP/1.1" 500 117173
INFO - 2022-05-03 17:01:05,281 - autoreload - A:\Univer\3 Year\2 semester\CS\ICT\wsp\app\models.py changed, reloading.
INFO - 2022-05-03 17:01:05,832 - autoreload - Watching for file changes with StatReloader
ERROR - 2022-05-03 17:01:11,234 - basehttp - "POST /admin/app/schedule/add/ HTTP/1.1" 500 117125
INFO - 2022-05-03 17:01:16,554 - autoreload - A:\Univer\3 Year\2 semester\CS\ICT\wsp\app\models.py changed, reloading.
INFO - 2022-05-03 17:01:17,058 - autoreload - Watching for file changes with StatReloader
INFO - 2022-05-03 17:01:17,440 - basehttp - "POST /admin/app/schedule/add/ HTTP/1.1" 302 0
INFO - 2022-05-03 17:01:17,500 - basehttp - "GET /admin/app/schedule/ HTTP/1.1" 200 7945
INFO - 2022-05-03 17:01:17,551 - basehttp - "GET /admin/jsi18n/ HTTP/1.1" 200 3343
INFO - 2022-05-03 17:01:48,200 - autoreload - A:\Univer\3 Year\2 semester\CS\ICT\wsp\app\models.py changed, reloading.
INFO - 2022-05-03 17:01:48,709 - autoreload - Watching for file changes with StatReloader
INFO - 2022-05-03 17:01:49,002 - basehttp - "GET /admin/app/schedule/ HTTP/1.1" 200 7746
INFO - 2022-05-03 17:01:49,051 - basehttp - "GET /admin/jsi18n/ HTTP/1.1" 200 3343
INFO - 2022-05-03 17:01:54,153 - autoreload - A:\Univer\3 Year\2 semester\CS\ICT\wsp\app\models.py changed, reloading.
INFO - 2022-05-03 17:01:54,648 - autoreload - Watching for file changes with StatReloader
INFO - 2022-05-03 17:01:58,958 - autoreload - A:\Univer\3 Year\2 semester\CS\ICT\wsp\app\models.py changed, reloading.
INFO - 2022-05-03 17:01:59,440 - autoreload - Watching for file changes with StatReloader
INFO - 2022-05-03 17:01:59,690 - basehttp - "GET /admin/app/schedule/ HTTP/1.1" 200 7746
INFO - 2022-05-03 17:01:59,739 - basehttp - "GET /admin/jsi18n/ HTTP/1.1" 200 3343
INFO - 2022-05-03 17:02:02,399 - basehttp - "GET /admin/app/courseschedule/ HTTP/1.1" 200 8181
INFO - 2022-05-03 17:02:02,541 - basehttp - "GET /admin/jsi18n/ HTTP/1.1" 200 3343
INFO - 2022-05-03 17:02:51,247 - autoreload - A:\Univer\3 Year\2 semester\CS\ICT\wsp\app\models.py changed, reloading.
INFO - 2022-05-03 17:02:51,901 - autoreload - Watching for file changes with StatReloader
INFO - 2022-05-03 17:03:11,721 - autoreload - A:\Univer\3 Year\2 semester\CS\ICT\wsp\app\models.py changed, reloading.
INFO - 2022-05-03 17:03:12,302 - autoreload - Watching for file changes with StatReloader
INFO - 2022-05-03 17:03:19,770 - autoreload - A:\Univer\3 Year\2 semester\CS\ICT\wsp\app\models.py changed, reloading.
INFO - 2022-05-03 17:03:20,264 - autoreload - Watching for file changes with StatReloader
INFO - 2022-05-03 17:06:54,858 - autoreload - Watching for file changes with StatReloader
INFO - 2022-05-03 17:06:55,239 - basehttp - "GET /admin/app/courseschedule/ HTTP/1.1" 200 7436
INFO - 2022-05-03 17:06:55,308 - basehttp - "GET /admin/jsi18n/ HTTP/1.1" 200 3343
INFO - 2022-05-03 17:06:59,245 - basehttp - "GET /admin/app/student/ HTTP/1.1" 200 6535
INFO - 2022-05-03 17:06:59,390 - basehttp - "GET /admin/jsi18n/ HTTP/1.1" 200 3343
INFO - 2022-05-03 17:07:08,850 - basehttp - "GET /admin/app/student/add/ HTTP/1.1" 200 17625
INFO - 2022-05-03 17:07:08,899 - basehttp - "GET /admin/jsi18n/ HTTP/1.1" 200 3343
INFO - 2022-05-03 17:07:21,283 - basehttp - "POST /admin/app/student/add/ HTTP/1.1" 200 17934
INFO - 2022-05-03 17:07:21,334 - basehttp - "GET /admin/jsi18n/ HTTP/1.1" 200 3343
INFO - 2022-05-03 17:07:31,190 - basehttp - "POST /admin/app/student/add/ HTTP/1.1" 302 0
INFO - 2022-05-03 17:07:31,246 - basehttp - "GET /admin/app/student/ HTTP/1.1" 200 8160
INFO - 2022-05-03 17:07:31,301 - basehttp - "GET /admin/jsi18n/ HTTP/1.1" 200 3343
INFO - 2022-05-03 17:08:05,420 - basehttp - "GET /admin/app/tutor/ HTTP/1.1" 200 6521
INFO - 2022-05-03 17:08:05,469 - basehttp - "GET /admin/jsi18n/ HTTP/1.1" 200 3343
INFO - 2022-05-03 17:08:07,034 - basehttp - "GET /admin/app/tutor/add/ HTTP/1.1" 200 17591
INFO - 2022-05-03 17:08:07,091 - basehttp - "GET /admin/jsi18n/ HTTP/1.1" 200 3343
INFO - 2022-05-03 17:08:24,618 - basehttp - "POST /admin/app/tutor/add/ HTTP/1.1" 302 0
INFO - 2022-05-03 17:08:24,690 - basehttp - "GET /admin/app/tutor/ HTTP/1.1" 200 8134
INFO - 2022-05-03 17:08:24,837 - basehttp - "GET /admin/jsi18n/ HTTP/1.1" 200 3343
INFO - 2022-05-03 17:08:27,202 - basehttp - "GET /admin/app/student/ HTTP/1.1" 200 7950
INFO - 2022-05-03 17:08:27,250 - basehttp - "GET /admin/jsi18n/ HTTP/1.1" 200 3343
INFO - 2022-05-03 17:08:28,326 - basehttp - "GET /admin/app/student/3/change/ HTTP/1.1" 200 18005
INFO - 2022-05-03 17:08:28,378 - basehttp - "GET /admin/jsi18n/ HTTP/1.1" 200 3343
INFO - 2022-05-03 17:08:30,338 - basehttp - "POST /admin/app/student/3/change/ HTTP/1.1" 302 0
INFO - 2022-05-03 17:08:30,388 - basehttp - "GET /admin/app/student/ HTTP/1.1" 200 8162
INFO - 2022-05-03 17:08:30,438 - basehttp - "GET /admin/jsi18n/ HTTP/1.1" 200 3343
INFO - 2022-05-03 17:08:32,663 - basehttp - "GET /admin/app/course/ HTTP/1.1" 200 7872
INFO - 2022-05-03 17:08:32,810 - basehttp - "GET /admin/jsi18n/ HTTP/1.1" 200 3343
INFO - 2022-05-03 17:08:33,802 - basehttp - "GET /admin/app/course/add/ HTTP/1.1" 200 7680
INFO - 2022-05-03 17:08:33,862 - basehttp - "GET /admin/jsi18n/ HTTP/1.1" 200 3343
INFO - 2022-05-03 17:08:38,135 - basehttp - "GET /admin/app/courseschedule/ HTTP/1.1" 200 7436
INFO - 2022-05-03 17:08:38,192 - basehttp - "GET /admin/jsi18n/ HTTP/1.1" 200 3343
INFO - 2022-05-03 17:08:39,383 - basehttp - "GET /admin/app/courseschedule/add/ HTTP/1.1" 200 10387
INFO - 2022-05-03 17:08:39,443 - basehttp - "GET /admin/jsi18n/ HTTP/1.1" 200 3343
INFO - 2022-05-03 17:08:41,095 - basehttp - "GET /admin/app/courseschedule/ HTTP/1.1" 200 7436
INFO - 2022-05-03 17:08:43,990 - basehttp - "GET /admin/app/courseschedule/add/ HTTP/1.1" 200 10387
INFO - 2022-05-03 17:08:44,047 - basehttp - "GET /admin/jsi18n/ HTTP/1.1" 200 3343
INFO - 2022-05-03 17:08:51,194 - basehttp - "POST /admin/app/courseschedule/add/ HTTP/1.1" 302 0
INFO - 2022-05-03 17:08:51,244 - basehttp - "GET /admin/app/courseschedule/ HTTP/1.1" 200 8709
INFO - 2022-05-03 17:08:51,392 - basehttp - "GET /admin/jsi18n/ HTTP/1.1" 200 3343
INFO - 2022-05-03 17:08:53,788 - basehttp - "GET /admin/app/customuser/ HTTP/1.1" 200 10611
INFO - 2022-05-03 17:08:53,821 - basehttp - "GET /static/admin/img/icon-no.svg HTTP/1.1" 200 560
INFO - 2022-05-03 17:08:53,934 - basehttp - "GET /admin/jsi18n/ HTTP/1.1" 200 3343
INFO - 2022-05-03 17:08:55,129 - basehttp - "GET /admin/app/schedule/ HTTP/1.1" 200 7375
INFO - 2022-05-03 17:08:55,173 - basehttp - "GET /admin/jsi18n/ HTTP/1.1" 200 3343
INFO - 2022-05-03 17:08:56,306 - basehttp - "GET /admin/app/schedule/add/ HTTP/1.1" 200 9106
INFO - 2022-05-03 17:08:56,368 - basehttp - "GET /admin/jsi18n/ HTTP/1.1" 200 3343
INFO - 2022-05-03 17:09:00,482 - basehttp - "POST /admin/app/schedule/add/ HTTP/1.1" 302 0
INFO - 2022-05-03 17:09:00,533 - basehttp - "GET /admin/app/schedule/ HTTP/1.1" 200 8248
INFO - 2022-05-03 17:09:00,678 - basehttp - "GET /admin/jsi18n/ HTTP/1.1" 200 3343
INFO - 2022-05-03 17:09:01,699 - basehttp - "GET /admin/app/schedule/4/change/ HTTP/1.1" 200 9344
INFO - 2022-05-03 17:09:01,750 - basehttp - "GET /admin/jsi18n/ HTTP/1.1" 200 3343
INFO - 2022-05-03 17:09:04,088 - basehttp - "GET /admin/app/schedule/ HTTP/1.1" 200 8049
INFO - 2022-05-03 17:09:05,317 - basehttp - "GET /admin/app/schedule/4/change/ HTTP/1.1" 200 9344
INFO - 2022-05-03 17:09:05,365 - basehttp - "GET /admin/jsi18n/ HTTP/1.1" 200 3343
INFO - 2022-05-03 17:09:07,059 - basehttp - "GET /admin/app/schedule/ HTTP/1.1" 200 8049
INFO - 2022-05-03 17:09:08,432 - basehttp - "GET /admin/app/course/ HTTP/1.1" 200 7872
INFO - 2022-05-03 17:09:08,477 - basehttp - "GET /admin/jsi18n/ HTTP/1.1" 200 3343
INFO - 2022-05-03 17:09:48,413 - basehttp - "GET /admin/app/courseschedule/ HTTP/1.1" 200 8497
INFO - 2022-05-03 17:09:48,462 - basehttp - "GET /admin/jsi18n/ HTTP/1.1" 200 3343
INFO - 2022-05-03 17:09:58,172 - basehttp - "GET /admin/app/courseschedule/ HTTP/1.1" 200 8497
INFO - 2022-05-03 17:09:58,217 - basehttp - "GET /admin/jsi18n/ HTTP/1.1" 200 3343
INFO - 2022-05-03 17:10:12,841 - basehttp - "GET /admin/app/courseschedule/ HTTP/1.1" 200 7436
INFO - 2022-05-03 17:10:12,886 - basehttp - "GET /admin/jsi18n/ HTTP/1.1" 200 3343
INFO - 2022-05-03 17:10:13,523 - basehttp - "GET /admin/app/courseschedule/ HTTP/1.1" 200 7436
INFO - 2022-05-03 17:10:13,567 - basehttp - "GET /admin/jsi18n/ HTTP/1.1" 200 3343
INFO - 2022-05-03 17:10:13,768 - basehttp - "GET /admin/app/courseschedule/ HTTP/1.1" 200 7436
INFO - 2022-05-03 17:10:13,913 - basehttp - "GET /admin/jsi18n/ HTTP/1.1" 200 3343
INFO - 2022-05-03 17:10:14,013 - basehttp - "GET /admin/app/courseschedule/ HTTP/1.1" 200 7436
INFO - 2022-05-03 17:10:14,055 - basehttp - "GET /admin/jsi18n/ HTTP/1.1" 200 3343
INFO - 2022-05-03 17:10:14,230 - basehttp - "GET /admin/app/courseschedule/ HTTP/1.1" 200 7436
INFO - 2022-05-03 17:10:14,276 - basehttp - "GET /admin/jsi18n/ HTTP/1.1" 200 3343
INFO - 2022-05-03 17:11:01,354 - basehttp - "GET /admin/app/courseschedule/ HTTP/1.1" 200 6589
INFO - 2022-05-03 17:11:01,404 - basehttp - "GET /admin/jsi18n/ HTTP/1.1" 200 3343
INFO - 2022-05-03 17:11:03,109 - basehttp - "GET /admin/app/courseschedule/add/ HTTP/1.1" 200 10387
INFO - 2022-05-03 17:11:03,162 - basehttp - "GET /admin/jsi18n/ HTTP/1.1" 200 3343
INFO - 2022-05-03 17:11:10,957 - basehttp - "POST /admin/app/courseschedule/add/ HTTP/1.1" 302 0
INFO - 2022-05-03 17:11:11,011 - basehttp - "GET /admin/app/courseschedule/ HTTP/1.1" 200 8399
INFO - 2022-05-03 17:11:11,165 - basehttp - "GET /admin/jsi18n/ HTTP/1.1" 200 3343
INFO - 2022-05-03 17:11:13,808 - basehttp - "GET /admin/app/course/ HTTP/1.1" 200 7872
INFO - 2022-05-03 17:11:13,952 - basehttp - "GET /admin/jsi18n/ HTTP/1.1" 200 3343
INFO - 2022-05-03 17:11:14,495 - basehttp - "GET /admin/app/courseschedule/ HTTP/1.1" 200 8187
INFO - 2022-05-03 17:11:14,539 - basehttp - "GET /admin/jsi18n/ HTTP/1.1" 200 3343
INFO - 2022-05-03 17:11:15,326 - basehttp - "GET /admin/app/schedule/ HTTP/1.1" 200 6542
INFO - 2022-05-03 17:11:15,371 - basehttp - "GET /admin/jsi18n/ HTTP/1.1" 200 3343
INFO - 2022-05-03 17:11:16,372 - basehttp - "GET /admin/app/schedule/add/ HTTP/1.1" 200 9069
INFO - 2022-05-03 17:11:16,428 - basehttp - "GET /admin/jsi18n/ HTTP/1.1" 200 3343
INFO - 2022-05-03 17:11:18,971 - basehttp - "POST /admin/app/schedule/add/ HTTP/1.1" 302 0
INFO - 2022-05-03 17:11:19,024 - basehttp - "GET /admin/app/schedule/ HTTP/1.1" 200 7945
INFO - 2022-05-03 17:11:19,079 - basehttp - "GET /admin/jsi18n/ HTTP/1.1" 200 3343
INFO - 2022-05-03 17:11:20,807 - basehttp - "GET /admin/app/schedule/5/change/ HTTP/1.1" 200 9307
INFO - 2022-05-03 17:11:20,951 - basehttp - "GET /admin/jsi18n/ HTTP/1.1" 200 3343
INFO - 2022-05-03 17:11:22,200 - basehttp - "GET /admin/app/schedule/ HTTP/1.1" 200 7746
INFO - 2022-05-03 17:18:24,276 - autoreload - A:\Univer\3 Year\2 semester\CS\ICT\wsp\app\urls.py changed, reloading.
INFO - 2022-05-03 17:18:24,796 - autoreload - Watching for file changes with StatReloader
INFO - 2022-05-03 17:19:02,995 - autoreload - A:\Univer\3 Year\2 semester\CS\ICT\wsp\app\urls.py changed, reloading.
INFO - 2022-05-03 17:19:03,491 - autoreload - Watching for file changes with StatReloader
WARNING - 2022-05-03 17:19:31,921 - basehttp - "POST /main/login/ HTTP/1.1" 404 2212
WARNING - 2022-05-03 17:20:07,877 - basehttp - "POST /api/login/ HTTP/1.1" 400 37
INFO - 2022-05-03 17:20:22,880 - basehttp - "POST /api/login/ HTTP/1.1" 200 483
INFO - 2022-05-03 17:21:20,054 - basehttp - "POST /api/login/ HTTP/1.1" 200 483
INFO - 2022-05-04 14:38:44,612 - autoreload - Watching for file changes with StatReloader
INFO - 2022-05-04 14:40:11,379 - autoreload - A:\Univer\3 Year\2 semester\CS\ICT\wsp\wsp\settings.py changed, reloading.
INFO - 2022-05-04 14:40:55,360 - autoreload - Watching for file changes with StatReloader
WARNING - 2022-05-04 14:40:57,369 - basehttp - "GET / HTTP/1.1" 404 2160
WARNING - 2022-05-04 14:40:57,476 - basehttp - "GET /favicon.ico HTTP/1.1" 404 2211
